<?xml version="1.0" encoding="UTF-8" ?>
<testsuite failures="0" time="0.011" errors="0" skipped="0" tests="4" name="plasson.JsonHelperTest">
  <properties>
[...]
</properties>
  <testcase time="0.006" classname="plasson.JsonHelperTest" name="testGetJson_Consumer"/>
  <testcase time="0" classname="plasson.JsonHelperTest" name="testGetJson_Provider"/>
  <testcase time="0" classname="plasson.JsonHelperTest" name="testGetGoJson"/>
  <testcase time="0.002" classname="plasson.JsonHelperTest" name="testGetResults"/>
</testsuite>