<?xml version="1.0" encoding="UTF-8" ?>
<testsuite tests="8" failures="0" name="plasson.XMLHelperTest" time="0.703" errors="0" skipped="0">
  <properties>
[...]
</properties>
  <testcase classname="plasson.XMLHelperTest" name="testValidateXMLString" time="0.214"/>
  <testcase classname="plasson.XMLHelperTest" name="testGetProviderAt" time="0.096"/>
  <testcase classname="plasson.XMLHelperTest" name="testGetConsumerAt" time="0.057"/>
  <testcase classname="plasson.XMLHelperTest" name="testGetConsumersCount" time="0.032"/>
  <testcase classname="plasson.XMLHelperTest" name="testGetProvidersCount" time="0.023"/>
  <testcase classname="plasson.XMLHelperTest" name="testGetProviders" time="0.134"/>
  <testcase classname="plasson.XMLHelperTest" name="testValidateXML" time="0.021"/>
  <testcase classname="plasson.XMLHelperTest" name="testGetConsumers" time="0.126"/>
</testsuite>